# JRE version: OpenJDK Runtime Environment (8.0_242-b01) (build 1.8.0_242-release-1644-b01)
# Java VM: OpenJDK 64-Bit Server VM (25.242-b01 mixed mode windows-amd64 compressed oops)
Heap:
 PSYoungGen      total 379392K, used 110778K [0x00000000d5580000, 0x00000000f4180000, 0x0000000100000000)
  eden space 364032K, 30% used [0x00000000d5580000,0x00000000dc1ae898,0x00000000eb900000)
  from space 15360K, 0% used [0x00000000ef900000,0x00000000ef900000,0x00000000f0800000)
  to   space 65536K, 0% used [0x00000000eb900000,0x00000000eb900000,0x00000000ef900000)
 ParOldGen       total 209920K, used 92607K [0x0000000080000000, 0x000000008cd00000, 0x00000000d5580000)
  object space 209920K, 44% used [0x0000000080000000,0x0000000085a6fe40,0x000000008cd00000)
 Metaspace       used 114383K, capacity 122308K, committed 125784K, reserved 1159168K
  class space    used 14729K, capacity 16103K, committed 16768K, reserved 1048576K
GC Heap History (10 events):
Event: 1949.910 GC heap before
{Heap before GC invocations=27 (full 4):
 PSYoungGen      total 394240K, used 383432K [0x00000000d5580000, 0x00000000f0300000, 0x0000000100000000)
  eden space 358912K, 100% used [0x00000000d5580000,0x00000000eb400000,0x00000000eb400000)
  from space 35328K, 69% used [0x00000000ee080000,0x00000000ef872088,0x00000000f0300000)
  to   space 40448K, 0% used [0x00000000eb400000,0x00000000eb400000,0x00000000edb80000)
 ParOldGen       total 153600K, used 91056K [0x0000000080000000, 0x0000000089600000, 0x00000000d5580000)
  object space 153600K, 59% used [0x0000000080000000,0x00000000858ec2e0,0x0000000089600000)
 Metaspace       used 111287K, capacity 118890K, committed 119128K, reserved 1153024K
  class space    used 14547K, capacity 15905K, committed 16000K, reserved 1048576K
Event: 1951.669 GC heap after
Heap after GC invocations=27 (full 4):
 PSYoungGen      total 399360K, used 27168K [0x00000000d5580000, 0x00000000f3000000, 0x0000000100000000)
  eden space 358912K, 0% used [0x00000000d5580000,0x00000000d5580000,0x00000000eb400000)
  from space 40448K, 67% used [0x00000000eb400000,0x00000000ece88388,0x00000000edb80000)
  to   space 41472K, 0% used [0x00000000f0780000,0x00000000f0780000,0x00000000f3000000)
 ParOldGen       total 153600K, used 91064K [0x0000000080000000, 0x0000000089600000, 0x00000000d5580000)
  object space 153600K, 59% used [0x0000000080000000,0x00000000858ee2e0,0x0000000089600000)
 Metaspace       used 111287K, capacity 118890K, committed 119128K, reserved 1153024K
  class space    used 14547K, capacity 15905K, committed 16000K, reserved 1048576K
}
Event: 5163.427 GC heap before
{Heap before GC invocations=28 (full 4):
 PSYoungGen      total 399360K, used 386080K [0x00000000d5580000, 0x00000000f3000000, 0x0000000100000000)
  eden space 358912K, 100% used [0x00000000d5580000,0x00000000eb400000,0x00000000eb400000)
  from space 40448K, 67% used [0x00000000eb400000,0x00000000ece88388,0x00000000edb80000)
  to   space 41472K, 0% used [0x00000000f0780000,0x00000000f0780000,0x00000000f3000000)
 ParOldGen       total 153600K, used 91064K [0x0000000080000000, 0x0000000089600000, 0x00000000d5580000)
  object space 153600K, 59% used [0x0000000080000000,0x00000000858ee2e0,0x0000000089600000)
 Metaspace       used 111757K, capacity 119412K, committed 119640K, reserved 1153024K
  class space    used 14567K, capacity 15938K, committed 16000K, reserved 1048576K
Event: 5165.054 GC heap after
Heap after GC invocations=28 (full 4):
 PSYoungGen      total 371200K, used 27081K [0x00000000d5580000, 0x00000000f2200000, 0x0000000100000000)
  eden space 344064K, 0% used [0x00000000d5580000,0x00000000d5580000,0x00000000ea580000)
  from space 27136K, 99% used [0x00000000f0780000,0x00000000f21f2688,0x00000000f2200000)
  to   space 41984K, 0% used [0x00000000ed000000,0x00000000ed000000,0x00000000ef900000)
 ParOldGen       total 153600K, used 91072K [0x0000000080000000, 0x0000000089600000, 0x00000000d5580000)
  object space 153600K, 59% used [0x0000000080000000,0x00000000858f02e0,0x0000000089600000)
 Metaspace       used 111757K, capacity 119412K, committed 119640K, reserved 1153024K
  class space    used 14567K, capacity 15938K, committed 16000K, reserved 1048576K
}
Event: 11551.433 GC heap before
{Heap before GC invocations=29 (full 4):
 PSYoungGen      total 371200K, used 371145K [0x00000000d5580000, 0x00000000f2200000, 0x0000000100000000)
  eden space 344064K, 100% used [0x00000000d5580000,0x00000000ea580000,0x00000000ea580000)
  from space 27136K, 99% used [0x00000000f0780000,0x00000000f21f2688,0x00000000f2200000)
  to   space 41984K, 0% used [0x00000000ed000000,0x00000000ed000000,0x00000000ef900000)
 ParOldGen       total 153600K, used 91072K [0x0000000080000000, 0x0000000089600000, 0x00000000d5580000)
  object space 153600K, 59% used [0x0000000080000000,0x00000000858f02e0,0x0000000089600000)
 Metaspace       used 115488K, capacity 124968K, committed 125016K, reserved 1157120K
  class space    used 15085K, capacity 16733K, committed 16768K, reserved 1048576K
Event: 11552.789 GC heap after
Heap after GC invocations=29 (full 4):
 PSYoungGen      total 371712K, used 41979K [0x00000000d5580000, 0x00000000f0800000, 0x0000000100000000)
  eden space 329728K, 0% used [0x00000000d5580000,0x00000000d5580000,0x00000000e9780000)
  from space 41984K, 99% used [0x00000000ed000000,0x00000000ef8fecd0,0x00000000ef900000)
  to   space 15360K, 0% used [0x00000000ef900000,0x00000000ef900000,0x00000000f0800000)
 ParOldGen       total 153600K, used 96939K [0x0000000080000000, 0x0000000089600000, 0x00000000d5580000)
  object space 153600K, 63% used [0x0000000080000000,0x0000000085eaac48,0x0000000089600000)
 Metaspace       used 115488K, capacity 124968K, committed 125016K, reserved 1157120K
  class space    used 15085K, capacity 16733K, committed 16768K, reserved 1048576K
}
Event: 11570.135 GC heap before
{Heap before GC invocations=30 (full 4):
 PSYoungGen      total 371712K, used 371707K [0x00000000d5580000, 0x00000000f0800000, 0x0000000100000000)
  eden space 329728K, 100% used [0x00000000d5580000,0x00000000e9780000,0x00000000e9780000)
  from space 41984K, 99% used [0x00000000ed000000,0x00000000ef8fecd0,0x00000000ef900000)
  to   space 15360K, 0% used [0x00000000ef900000,0x00000000ef900000,0x00000000f0800000)
 ParOldGen       total 153600K, used 96939K [0x0000000080000000, 0x0000000089600000, 0x00000000d5580000)
  object space 153600K, 63% used [0x0000000080000000,0x0000000085eaac48,0x0000000089600000)
 Metaspace       used 116108K, capacity 125580K, committed 125784K, reserved 1159168K
  class space    used 15099K, capacity 16753K, committed 16768K, reserved 1048576K
Event: 11570.669 GC heap after
Heap after GC invocations=30 (full 4):
 PSYoungGen      total 379392K, used 15330K [0x00000000d5580000, 0x00000000f4180000, 0x0000000100000000)
  eden space 364032K, 0% used [0x00000000d5580000,0x00000000d5580000,0x00000000eb900000)
  from space 15360K, 99% used [0x00000000ef900000,0x00000000f07f8bb0,0x00000000f0800000)
  to   space 65536K, 0% used [0x00000000eb900000,0x00000000eb900000,0x00000000ef900000)
 ParOldGen       total 153600K, used 152702K [0x0000000080000000, 0x0000000089600000, 0x00000000d5580000)
  object space 153600K, 99% used [0x0000000080000000,0x000000008951fb28,0x0000000089600000)
 Metaspace       used 116108K, capacity 125580K, committed 125784K, reserved 1159168K
  class space    used 15099K, capacity 16753K, committed 16768K, reserved 1048576K
}
Event: 11570.670 GC heap before
{Heap before GC invocations=31 (full 5):
 PSYoungGen      total 379392K, used 15330K [0x00000000d5580000, 0x00000000f4180000, 0x0000000100000000)
  eden space 364032K, 0% used [0x00000000d5580000,0x00000000d5580000,0x00000000eb900000)
  from space 15360K, 99% used [0x00000000ef900000,0x00000000f07f8bb0,0x00000000f0800000)
  to   space 65536K, 0% used [0x00000000eb900000,0x00000000eb900000,0x00000000ef900000)
 ParOldGen       total 153600K, used 152702K [0x0000000080000000, 0x0000000089600000, 0x00000000d5580000)
  object space 153600K, 99% used [0x0000000080000000,0x000000008951fb28,0x0000000089600000)
 Metaspace       used 116108K, capacity 125580K, committed 125784K, reserved 1159168K
  class space    used 15099K, capacity 16753K, committed 16768K, reserved 1048576K
Event: 11574.175 GC heap after
Heap after GC invocations=31 (full 5):
 PSYoungGen      total 379392K, used 0K [0x00000000d5580000, 0x00000000f4180000, 0x0000000100000000)
  eden space 364032K, 0% used [0x00000000d5580000,0x00000000d5580000,0x00000000eb900000)
  from space 15360K, 0% used [0x00000000ef900000,0x00000000ef900000,0x00000000f0800000)
  to   space 65536K, 0% used [0x00000000eb900000,0x00000000eb900000,0x00000000ef900000)
 ParOldGen       total 209920K, used 92607K [0x0000000080000000, 0x000000008cd00000, 0x00000000d5580000)
  object space 209920K, 44% used [0x0000000080000000,0x0000000085a6fe40,0x000000008cd00000)
 Metaspace       used 114380K, capacity 122308K, committed 125784K, reserved 1159168K
  class space    used 14729K, capacity 16103K, committed 16768K, reserved 1048576K
}

